<?xml version="1.0" encoding="UTF-8"?>
<testsuite xmlns:xsi="http://www.w3.org/2001/XMLSchema-instance" xsi:noNamespaceSchemaLocation="https://maven.apache.org/surefire/maven-surefire-plugin/xsd/surefire-test-report-3.0.xsd" version="3.0" name="com.parsley.uploadTest" time="7.041" tests="1" errors="0" skipped="0" failures="0">
  <properties>
    <property name="sun.desktop" value="windows"/>
    <property name="awt.toolkit" value="sun.awt.windows.WToolkit"/>
    <property name="file.encoding.pkg" value="sun.io"/>
    <property name="java.specification.version" value="1.8"/>
    <property name="sun.cpu.isalist" value="amd64"/>
    <property name="sun.jnu.encoding" value="GBK"/>
    <property name="java.class.path" value="D:\Study\IntelliJ IDEA 2022.3.2\MyData\HardwareCenter\UploadCenter\target\test-classes;D:\Study\IntelliJ IDEA 2022.3.2\MyData\HardwareCenter\UploadCenter\target\classes;D:\Study\Maven\repository\com\alibaba\cloud\spring-cloud-starter-alibaba-nacos-discovery\2021.0.4.0\spring-cloud-starter-alibaba-nacos-discovery-2021.0.4.0.jar;D:\Study\Maven\repository\com\alibaba\cloud\spring-cloud-alibaba-commons\2021.0.4.0\spring-cloud-alibaba-commons-2021.0.4.0.jar;D:\Study\Maven\repository\com\alibaba\nacos\nacos-client\2.0.4\nacos-client-2.0.4.jar;D:\Study\Maven\repository\commons-codec\commons-codec\1.15\commons-codec-1.15.jar;D:\Study\Maven\repository\com\fasterxml\jackson\core\jackson-core\2.13.4\jackson-core-2.13.4.jar;D:\Study\Maven\repository\com\fasterxml\jackson\core\jackson-databind\2.13.4.2\jackson-databind-2.13.4.2.jar;D:\Study\Maven\repository\com\fasterxml\jackson\core\jackson-annotations\2.13.4\jackson-annotations-2.13.4.jar;D:\Study\Maven\repository\org\apache\httpcomponents\httpasyncclient\4.1.5\httpasyncclient-4.1.5.jar;D:\Study\Maven\repository\org\apache\httpcomponents\httpcore\4.4.15\httpcore-4.4.15.jar;D:\Study\Maven\repository\org\apache\httpcomponents\httpcore-nio\4.4.15\httpcore-nio-4.4.15.jar;D:\Study\Maven\repository\org\apache\httpcomponents\httpclient\4.5.13\httpclient-4.5.13.jar;D:\Study\Maven\repository\org\reflections\reflections\0.9.11\reflections-0.9.11.jar;D:\Study\Maven\repository\com\google\guava\guava\20.0\guava-20.0.jar;D:\Study\Maven\repository\org\javassist\javassist\3.21.0-GA\javassist-3.21.0-GA.jar;D:\Study\Maven\repository\io\prometheus\simpleclient\0.15.0\simpleclient-0.15.0.jar;D:\Study\Maven\repository\io\prometheus\simpleclient_tracer_otel\0.15.0\simpleclient_tracer_otel-0.15.0.jar;D:\Study\Maven\repository\io\prometheus\simpleclient_tracer_common\0.15.0\simpleclient_tracer_common-0.15.0.jar;D:\Study\Maven\repository\io\prometheus\simpleclient_tracer_otel_agent\0.15.0\simpleclient_tracer_otel_agent-0.15.0.jar;D:\Study\Maven\repository\org\yaml\snakeyaml\1.30\snakeyaml-1.30.jar;D:\Study\Maven\repository\com\alibaba\spring\spring-context-support\1.0.11\spring-context-support-1.0.11.jar;D:\Study\Maven\repository\org\springframework\cloud\spring-cloud-commons\3.1.4\spring-cloud-commons-3.1.4.jar;D:\Study\Maven\repository\org\springframework\security\spring-security-crypto\5.7.4\spring-security-crypto-5.7.4.jar;D:\Study\Maven\repository\org\springframework\cloud\spring-cloud-context\3.1.4\spring-cloud-context-3.1.4.jar;D:\Study\Maven\repository\org\springframework\boot\spring-boot-starter-web\2.7.5\spring-boot-starter-web-2.7.5.jar;D:\Study\Maven\repository\org\springframework\boot\spring-boot-starter\2.7.5\spring-boot-starter-2.7.5.jar;D:\Study\Maven\repository\org\springframework\boot\spring-boot\2.7.5\spring-boot-2.7.5.jar;D:\Study\Maven\repository\org\springframework\boot\spring-boot-autoconfigure\2.7.5\spring-boot-autoconfigure-2.7.5.jar;D:\Study\Maven\repository\org\springframework\boot\spring-boot-starter-logging\2.7.5\spring-boot-starter-logging-2.7.5.jar;D:\Study\Maven\repository\ch\qos\logback\logback-classic\1.2.11\logback-classic-1.2.11.jar;D:\Study\Maven\repository\ch\qos\logback\logback-core\1.2.11\logback-core-1.2.11.jar;D:\Study\Maven\repository\org\apache\logging\log4j\log4j-to-slf4j\2.17.2\log4j-to-slf4j-2.17.2.jar;D:\Study\Maven\repository\org\apache\logging\log4j\log4j-api\2.17.2\log4j-api-2.17.2.jar;D:\Study\Maven\repository\org\slf4j\jul-to-slf4j\1.7.36\jul-to-slf4j-1.7.36.jar;D:\Study\Maven\repository\jakarta\annotation\jakarta.annotation-api\1.3.5\jakarta.annotation-api-1.3.5.jar;D:\Study\Maven\repository\org\springframework\boot\spring-boot-starter-json\2.7.5\spring-boot-starter-json-2.7.5.jar;D:\Study\Maven\repository\com\fasterxml\jackson\datatype\jackson-datatype-jdk8\2.13.4\jackson-datatype-jdk8-2.13.4.jar;D:\Study\Maven\repository\com\fasterxml\jackson\datatype\jackson-datatype-jsr310\2.13.4\jackson-datatype-jsr310-2.13.4.jar;D:\Study\Maven\repository\com\fasterxml\jackson\module\jackson-module-parameter-names\2.13.4\jackson-module-parameter-names-2.13.4.jar;D:\Study\Maven\repository\org\springframework\boot\spring-boot-starter-tomcat\2.7.5\spring-boot-starter-tomcat-2.7.5.jar;D:\Study\Maven\repository\org\apache\tomcat\embed\tomcat-embed-core\9.0.68\tomcat-embed-core-9.0.68.jar;D:\Study\Maven\repository\org\apache\tomcat\embed\tomcat-embed-el\9.0.68\tomcat-embed-el-9.0.68.jar;D:\Study\Maven\repository\org\apache\tomcat\embed\tomcat-embed-websocket\9.0.68\tomcat-embed-websocket-9.0.68.jar;D:\Study\Maven\repository\org\springframework\spring-web\5.3.23\spring-web-5.3.23.jar;D:\Study\Maven\repository\org\springframework\spring-beans\5.3.23\spring-beans-5.3.23.jar;D:\Study\Maven\repository\org\springframework\spring-webmvc\5.3.23\spring-webmvc-5.3.23.jar;D:\Study\Maven\repository\org\springframework\spring-aop\5.3.23\spring-aop-5.3.23.jar;D:\Study\Maven\repository\org\springframework\spring-context\5.3.23\spring-context-5.3.23.jar;D:\Study\Maven\repository\org\springframework\spring-expression\5.3.23\spring-expression-5.3.23.jar;D:\Study\Maven\repository\org\junit\platform\junit-platform-launcher\1.8.2\junit-platform-launcher-1.8.2.jar;D:\Study\Maven\repository\org\junit\platform\junit-platform-engine\1.8.2\junit-platform-engine-1.8.2.jar;D:\Study\Maven\repository\org\opentest4j\opentest4j\1.2.0\opentest4j-1.2.0.jar;D:\Study\Maven\repository\org\junit\platform\junit-platform-commons\1.8.2\junit-platform-commons-1.8.2.jar;D:\Study\Maven\repository\org\apiguardian\apiguardian-api\1.1.2\apiguardian-api-1.1.2.jar;D:\Study\Maven\repository\org\projectlombok\lombok\1.18.26\lombok-1.18.26.jar;D:\Study\Maven\repository\org\springframework\boot\spring-boot-starter-test\2.7.5\spring-boot-starter-test-2.7.5.jar;D:\Study\Maven\repository\org\springframework\boot\spring-boot-test\2.7.5\spring-boot-test-2.7.5.jar;D:\Study\Maven\repository\org\springframework\boot\spring-boot-test-autoconfigure\2.7.5\spring-boot-test-autoconfigure-2.7.5.jar;D:\Study\Maven\repository\com\jayway\jsonpath\json-path\2.7.0\json-path-2.7.0.jar;D:\Study\Maven\repository\net\minidev\json-smart\2.4.8\json-smart-2.4.8.jar;D:\Study\Maven\repository\net\minidev\accessors-smart\2.4.8\accessors-smart-2.4.8.jar;D:\Study\Maven\repository\org\ow2\asm\asm\9.1\asm-9.1.jar;D:\Study\Maven\repository\jakarta\xml\bind\jakarta.xml.bind-api\2.3.3\jakarta.xml.bind-api-2.3.3.jar;D:\Study\Maven\repository\jakarta\activation\jakarta.activation-api\1.2.2\jakarta.activation-api-1.2.2.jar;D:\Study\Maven\repository\org\assertj\assertj-core\3.22.0\assertj-core-3.22.0.jar;D:\Study\Maven\repository\org\hamcrest\hamcrest\2.2\hamcrest-2.2.jar;D:\Study\Maven\repository\org\junit\jupiter\junit-jupiter\5.8.2\junit-jupiter-5.8.2.jar;D:\Study\Maven\repository\org\junit\jupiter\junit-jupiter-api\5.8.2\junit-jupiter-api-5.8.2.jar;D:\Study\Maven\repository\org\junit\jupiter\junit-jupiter-params\5.8.2\junit-jupiter-params-5.8.2.jar;D:\Study\Maven\repository\org\junit\jupiter\junit-jupiter-engine\5.8.2\junit-jupiter-engine-5.8.2.jar;D:\Study\Maven\repository\org\mockito\mockito-core\4.5.1\mockito-core-4.5.1.jar;D:\Study\Maven\repository\net\bytebuddy\byte-buddy\1.12.18\byte-buddy-1.12.18.jar;D:\Study\Maven\repository\net\bytebuddy\byte-buddy-agent\1.12.18\byte-buddy-agent-1.12.18.jar;D:\Study\Maven\repository\org\objenesis\objenesis\3.2\objenesis-3.2.jar;D:\Study\Maven\repository\org\mockito\mockito-junit-jupiter\4.5.1\mockito-junit-jupiter-4.5.1.jar;D:\Study\Maven\repository\org\skyscreamer\jsonassert\1.5.1\jsonassert-1.5.1.jar;D:\Study\Maven\repository\com\vaadin\external\google\android-json\0.0.20131108.vaadin1\android-json-0.0.20131108.vaadin1.jar;D:\Study\Maven\repository\org\springframework\spring-core\5.3.23\spring-core-5.3.23.jar;D:\Study\Maven\repository\org\springframework\spring-jcl\5.3.23\spring-jcl-5.3.23.jar;D:\Study\Maven\repository\org\springframework\spring-test\5.3.23\spring-test-5.3.23.jar;D:\Study\Maven\repository\org\xmlunit\xmlunit-core\2.9.0\xmlunit-core-2.9.0.jar;D:\Study\Maven\repository\com\alibaba\csp\sentinel-datasource-nacos\1.8.5\sentinel-datasource-nacos-1.8.5.jar;D:\Study\Maven\repository\com\alibaba\csp\sentinel-datasource-extension\1.8.5\sentinel-datasource-extension-1.8.5.jar;D:\Study\Maven\repository\com\alibaba\csp\sentinel-core\1.8.5\sentinel-core-1.8.5.jar;D:\Study\Maven\repository\com\alibaba\cloud\spring-cloud-starter-alibaba-sentinel\2021.0.4.0\spring-cloud-starter-alibaba-sentinel-2021.0.4.0.jar;D:\Study\Maven\repository\com\alibaba\csp\sentinel-transport-simple-http\1.8.5\sentinel-transport-simple-http-1.8.5.jar;D:\Study\Maven\repository\com\alibaba\csp\sentinel-transport-common\1.8.5\sentinel-transport-common-1.8.5.jar;D:\Study\Maven\repository\com\alibaba\fastjson\1.2.83_noneautotype\fastjson-1.2.83_noneautotype.jar;D:\Study\Maven\repository\com\alibaba\csp\sentinel-annotation-aspectj\1.8.5\sentinel-annotation-aspectj-1.8.5.jar;D:\Study\Maven\repository\org\aspectj\aspectjweaver\1.9.7\aspectjweaver-1.9.7.jar;D:\Study\Maven\repository\com\alibaba\cloud\spring-cloud-circuitbreaker-sentinel\2021.0.4.0\spring-cloud-circuitbreaker-sentinel-2021.0.4.0.jar;D:\Study\Maven\repository\com\alibaba\csp\sentinel-reactor-adapter\1.8.5\sentinel-reactor-adapter-1.8.5.jar;D:\Study\Maven\repository\com\alibaba\csp\sentinel-spring-webflux-adapter\1.8.5\sentinel-spring-webflux-adapter-1.8.5.jar;D:\Study\Maven\repository\com\alibaba\csp\sentinel-spring-webmvc-adapter\1.8.5\sentinel-spring-webmvc-adapter-1.8.5.jar;D:\Study\Maven\repository\com\alibaba\csp\sentinel-parameter-flow-control\1.8.5\sentinel-parameter-flow-control-1.8.5.jar;D:\Study\Maven\repository\com\googlecode\concurrentlinkedhashmap\concurrentlinkedhashmap-lru\1.4.2\concurrentlinkedhashmap-lru-1.4.2.jar;D:\Study\Maven\repository\com\alibaba\csp\sentinel-cluster-server-default\1.8.5\sentinel-cluster-server-default-1.8.5.jar;D:\Study\Maven\repository\com\alibaba\csp\sentinel-cluster-common-default\1.8.5\sentinel-cluster-common-default-1.8.5.jar;D:\Study\Maven\repository\io\netty\netty-handler\4.1.84.Final\netty-handler-4.1.84.Final.jar;D:\Study\Maven\repository\io\netty\netty-common\4.1.84.Final\netty-common-4.1.84.Final.jar;D:\Study\Maven\repository\io\netty\netty-resolver\4.1.84.Final\netty-resolver-4.1.84.Final.jar;D:\Study\Maven\repository\io\netty\netty-buffer\4.1.84.Final\netty-buffer-4.1.84.Final.jar;D:\Study\Maven\repository\io\netty\netty-transport\4.1.84.Final\netty-transport-4.1.84.Final.jar;D:\Study\Maven\repository\io\netty\netty-transport-native-unix-common\4.1.84.Final\netty-transport-native-unix-common-4.1.84.Final.jar;D:\Study\Maven\repository\io\netty\netty-codec\4.1.84.Final\netty-codec-4.1.84.Final.jar;D:\Study\Maven\repository\com\alibaba\csp\sentinel-cluster-client-default\1.8.5\sentinel-cluster-client-default-1.8.5.jar;D:\Study\Maven\repository\com\alibaba\cloud\spring-cloud-alibaba-sentinel-datasource\2021.0.4.0\spring-cloud-alibaba-sentinel-datasource-2021.0.4.0.jar;D:\Study\Maven\repository\org\springframework\cloud\spring-cloud-starter-bootstrap\3.1.4\spring-cloud-starter-bootstrap-3.1.4.jar;D:\Study\Maven\repository\org\springframework\cloud\spring-cloud-starter\3.1.4\spring-cloud-starter-3.1.4.jar;D:\Study\Maven\repository\org\springframework\security\spring-security-rsa\1.0.11.RELEASE\spring-security-rsa-1.0.11.RELEASE.jar;D:\Study\Maven\repository\org\bouncycastle\bcpkix-jdk15on\1.69\bcpkix-jdk15on-1.69.jar;D:\Study\Maven\repository\org\bouncycastle\bcprov-jdk15on\1.69\bcprov-jdk15on-1.69.jar;D:\Study\Maven\repository\org\bouncycastle\bcutil-jdk15on\1.69\bcutil-jdk15on-1.69.jar;D:\Study\Maven\repository\com\alibaba\cloud\spring-cloud-starter-alibaba-nacos-config\2021.0.4.0\spring-cloud-starter-alibaba-nacos-config-2021.0.4.0.jar;D:\Study\Maven\repository\org\slf4j\slf4j-api\1.7.36\slf4j-api-1.7.36.jar;D:\Study\Maven\repository\org\springframework\boot\spring-boot-configuration-processor\2.7.5\spring-boot-configuration-processor-2.7.5.jar;D:\Study\Maven\repository\com\parsley\HardwareCenter\1.0.0\HardwareCenter-1.0.0.jar;"/>
    <property name="csp.sentinel.charset" value="UTF-8"/>
    <property name="java.vm.vendor" value="Oracle Corporation"/>
    <property name="sun.arch.data.model" value="64"/>
    <property name="user.variant" value=""/>
    <property name="java.vendor.url" value="http://java.oracle.com/"/>
    <property name="user.timezone" value="Asia/Shanghai"/>
    <property name="csp.sentinel.dashboard.server" value="localhost:9900"/>
    <property name="os.name" value="Windows 10"/>
    <property name="java.vm.specification.version" value="1.8"/>
    <property name="user.country" value="CN"/>
    <property name="sun.java.launcher" value="SUN_STANDARD"/>
    <property name="sun.boot.library.path" value="C:\Program Files\Java\jdk1.8.0_281\jre\bin"/>
    <property name="sun.java.command" value="C:\Users\HOME\AppData\Local\Temp\surefire6484412838478421391\surefirebooter-20230526154534539_7.jar C:\Users\HOME\AppData\Local\Temp\surefire6484412838478421391 2023-05-26T15-45-16_943-jvmRun1 surefire-20230526154534539_5tmp surefire_1-20230526154534539_6tmp"/>
    <property name="csp.sentinel.flow.cold.factor" value="3"/>
    <property name="surefire.test.class.path" value="D:\Study\IntelliJ IDEA 2022.3.2\MyData\HardwareCenter\UploadCenter\target\test-classes;D:\Study\IntelliJ IDEA 2022.3.2\MyData\HardwareCenter\UploadCenter\target\classes;D:\Study\Maven\repository\com\alibaba\cloud\spring-cloud-starter-alibaba-nacos-discovery\2021.0.4.0\spring-cloud-starter-alibaba-nacos-discovery-2021.0.4.0.jar;D:\Study\Maven\repository\com\alibaba\cloud\spring-cloud-alibaba-commons\2021.0.4.0\spring-cloud-alibaba-commons-2021.0.4.0.jar;D:\Study\Maven\repository\com\alibaba\nacos\nacos-client\2.0.4\nacos-client-2.0.4.jar;D:\Study\Maven\repository\commons-codec\commons-codec\1.15\commons-codec-1.15.jar;D:\Study\Maven\repository\com\fasterxml\jackson\core\jackson-core\2.13.4\jackson-core-2.13.4.jar;D:\Study\Maven\repository\com\fasterxml\jackson\core\jackson-databind\2.13.4.2\jackson-databind-2.13.4.2.jar;D:\Study\Maven\repository\com\fasterxml\jackson\core\jackson-annotations\2.13.4\jackson-annotations-2.13.4.jar;D:\Study\Maven\repository\org\apache\httpcomponents\httpasyncclient\4.1.5\httpasyncclient-4.1.5.jar;D:\Study\Maven\repository\org\apache\httpcomponents\httpcore\4.4.15\httpcore-4.4.15.jar;D:\Study\Maven\repository\org\apache\httpcomponents\httpcore-nio\4.4.15\httpcore-nio-4.4.15.jar;D:\Study\Maven\repository\org\apache\httpcomponents\httpclient\4.5.13\httpclient-4.5.13.jar;D:\Study\Maven\repository\org\reflections\reflections\0.9.11\reflections-0.9.11.jar;D:\Study\Maven\repository\com\google\guava\guava\20.0\guava-20.0.jar;D:\Study\Maven\repository\org\javassist\javassist\3.21.0-GA\javassist-3.21.0-GA.jar;D:\Study\Maven\repository\io\prometheus\simpleclient\0.15.0\simpleclient-0.15.0.jar;D:\Study\Maven\repository\io\prometheus\simpleclient_tracer_otel\0.15.0\simpleclient_tracer_otel-0.15.0.jar;D:\Study\Maven\repository\io\prometheus\simpleclient_tracer_common\0.15.0\simpleclient_tracer_common-0.15.0.jar;D:\Study\Maven\repository\io\prometheus\simpleclient_tracer_otel_agent\0.15.0\simpleclient_tracer_otel_agent-0.15.0.jar;D:\Study\Maven\repository\org\yaml\snakeyaml\1.30\snakeyaml-1.30.jar;D:\Study\Maven\repository\com\alibaba\spring\spring-context-support\1.0.11\spring-context-support-1.0.11.jar;D:\Study\Maven\repository\org\springframework\cloud\spring-cloud-commons\3.1.4\spring-cloud-commons-3.1.4.jar;D:\Study\Maven\repository\org\springframework\security\spring-security-crypto\5.7.4\spring-security-crypto-5.7.4.jar;D:\Study\Maven\repository\org\springframework\cloud\spring-cloud-context\3.1.4\spring-cloud-context-3.1.4.jar;D:\Study\Maven\repository\org\springframework\boot\spring-boot-starter-web\2.7.5\spring-boot-starter-web-2.7.5.jar;D:\Study\Maven\repository\org\springframework\boot\spring-boot-starter\2.7.5\spring-boot-starter-2.7.5.jar;D:\Study\Maven\repository\org\springframework\boot\spring-boot\2.7.5\spring-boot-2.7.5.jar;D:\Study\Maven\repository\org\springframework\boot\spring-boot-autoconfigure\2.7.5\spring-boot-autoconfigure-2.7.5.jar;D:\Study\Maven\repository\org\springframework\boot\spring-boot-starter-logging\2.7.5\spring-boot-starter-logging-2.7.5.jar;D:\Study\Maven\repository\ch\qos\logback\logback-classic\1.2.11\logback-classic-1.2.11.jar;D:\Study\Maven\repository\ch\qos\logback\logback-core\1.2.11\logback-core-1.2.11.jar;D:\Study\Maven\repository\org\apache\logging\log4j\log4j-to-slf4j\2.17.2\log4j-to-slf4j-2.17.2.jar;D:\Study\Maven\repository\org\apache\logging\log4j\log4j-api\2.17.2\log4j-api-2.17.2.jar;D:\Study\Maven\repository\org\slf4j\jul-to-slf4j\1.7.36\jul-to-slf4j-1.7.36.jar;D:\Study\Maven\repository\jakarta\annotation\jakarta.annotation-api\1.3.5\jakarta.annotation-api-1.3.5.jar;D:\Study\Maven\repository\org\springframework\boot\spring-boot-starter-json\2.7.5\spring-boot-starter-json-2.7.5.jar;D:\Study\Maven\repository\com\fasterxml\jackson\datatype\jackson-datatype-jdk8\2.13.4\jackson-datatype-jdk8-2.13.4.jar;D:\Study\Maven\repository\com\fasterxml\jackson\datatype\jackson-datatype-jsr310\2.13.4\jackson-datatype-jsr310-2.13.4.jar;D:\Study\Maven\repository\com\fasterxml\jackson\module\jackson-module-parameter-names\2.13.4\jackson-module-parameter-names-2.13.4.jar;D:\Study\Maven\repository\org\springframework\boot\spring-boot-starter-tomcat\2.7.5\spring-boot-starter-tomcat-2.7.5.jar;D:\Study\Maven\repository\org\apache\tomcat\embed\tomcat-embed-core\9.0.68\tomcat-embed-core-9.0.68.jar;D:\Study\Maven\repository\org\apache\tomcat\embed\tomcat-embed-el\9.0.68\tomcat-embed-el-9.0.68.jar;D:\Study\Maven\repository\org\apache\tomcat\embed\tomcat-embed-websocket\9.0.68\tomcat-embed-websocket-9.0.68.jar;D:\Study\Maven\repository\org\springframework\spring-web\5.3.23\spring-web-5.3.23.jar;D:\Study\Maven\repository\org\springframework\spring-beans\5.3.23\spring-beans-5.3.23.jar;D:\Study\Maven\repository\org\springframework\spring-webmvc\5.3.23\spring-webmvc-5.3.23.jar;D:\Study\Maven\repository\org\springframework\spring-aop\5.3.23\spring-aop-5.3.23.jar;D:\Study\Maven\repository\org\springframework\spring-context\5.3.23\spring-context-5.3.23.jar;D:\Study\Maven\repository\org\springframework\spring-expression\5.3.23\spring-expression-5.3.23.jar;D:\Study\Maven\repository\org\junit\platform\junit-platform-launcher\1.8.2\junit-platform-launcher-1.8.2.jar;D:\Study\Maven\repository\org\junit\platform\junit-platform-engine\1.8.2\junit-platform-engine-1.8.2.jar;D:\Study\Maven\repository\org\opentest4j\opentest4j\1.2.0\opentest4j-1.2.0.jar;D:\Study\Maven\repository\org\junit\platform\junit-platform-commons\1.8.2\junit-platform-commons-1.8.2.jar;D:\Study\Maven\repository\org\apiguardian\apiguardian-api\1.1.2\apiguardian-api-1.1.2.jar;D:\Study\Maven\repository\org\projectlombok\lombok\1.18.26\lombok-1.18.26.jar;D:\Study\Maven\repository\org\springframework\boot\spring-boot-starter-test\2.7.5\spring-boot-starter-test-2.7.5.jar;D:\Study\Maven\repository\org\springframework\boot\spring-boot-test\2.7.5\spring-boot-test-2.7.5.jar;D:\Study\Maven\repository\org\springframework\boot\spring-boot-test-autoconfigure\2.7.5\spring-boot-test-autoconfigure-2.7.5.jar;D:\Study\Maven\repository\com\jayway\jsonpath\json-path\2.7.0\json-path-2.7.0.jar;D:\Study\Maven\repository\net\minidev\json-smart\2.4.8\json-smart-2.4.8.jar;D:\Study\Maven\repository\net\minidev\accessors-smart\2.4.8\accessors-smart-2.4.8.jar;D:\Study\Maven\repository\org\ow2\asm\asm\9.1\asm-9.1.jar;D:\Study\Maven\repository\jakarta\xml\bind\jakarta.xml.bind-api\2.3.3\jakarta.xml.bind-api-2.3.3.jar;D:\Study\Maven\repository\jakarta\activation\jakarta.activation-api\1.2.2\jakarta.activation-api-1.2.2.jar;D:\Study\Maven\repository\org\assertj\assertj-core\3.22.0\assertj-core-3.22.0.jar;D:\Study\Maven\repository\org\hamcrest\hamcrest\2.2\hamcrest-2.2.jar;D:\Study\Maven\repository\org\junit\jupiter\junit-jupiter\5.8.2\junit-jupiter-5.8.2.jar;D:\Study\Maven\repository\org\junit\jupiter\junit-jupiter-api\5.8.2\junit-jupiter-api-5.8.2.jar;D:\Study\Maven\repository\org\junit\jupiter\junit-jupiter-params\5.8.2\junit-jupiter-params-5.8.2.jar;D:\Study\Maven\repository\org\junit\jupiter\junit-jupiter-engine\5.8.2\junit-jupiter-engine-5.8.2.jar;D:\Study\Maven\repository\org\mockito\mockito-core\4.5.1\mockito-core-4.5.1.jar;D:\Study\Maven\repository\net\bytebuddy\byte-buddy\1.12.18\byte-buddy-1.12.18.jar;D:\Study\Maven\repository\net\bytebuddy\byte-buddy-agent\1.12.18\byte-buddy-agent-1.12.18.jar;D:\Study\Maven\repository\org\objenesis\objenesis\3.2\objenesis-3.2.jar;D:\Study\Maven\repository\org\mockito\mockito-junit-jupiter\4.5.1\mockito-junit-jupiter-4.5.1.jar;D:\Study\Maven\repository\org\skyscreamer\jsonassert\1.5.1\jsonassert-1.5.1.jar;D:\Study\Maven\repository\com\vaadin\external\google\android-json\0.0.20131108.vaadin1\android-json-0.0.20131108.vaadin1.jar;D:\Study\Maven\repository\org\springframework\spring-core\5.3.23\spring-core-5.3.23.jar;D:\Study\Maven\repository\org\springframework\spring-jcl\5.3.23\spring-jcl-5.3.23.jar;D:\Study\Maven\repository\org\springframework\spring-test\5.3.23\spring-test-5.3.23.jar;D:\Study\Maven\repository\org\xmlunit\xmlunit-core\2.9.0\xmlunit-core-2.9.0.jar;D:\Study\Maven\repository\com\alibaba\csp\sentinel-datasource-nacos\1.8.5\sentinel-datasource-nacos-1.8.5.jar;D:\Study\Maven\repository\com\alibaba\csp\sentinel-datasource-extension\1.8.5\sentinel-datasource-extension-1.8.5.jar;D:\Study\Maven\repository\com\alibaba\csp\sentinel-core\1.8.5\sentinel-core-1.8.5.jar;D:\Study\Maven\repository\com\alibaba\cloud\spring-cloud-starter-alibaba-sentinel\2021.0.4.0\spring-cloud-starter-alibaba-sentinel-2021.0.4.0.jar;D:\Study\Maven\repository\com\alibaba\csp\sentinel-transport-simple-http\1.8.5\sentinel-transport-simple-http-1.8.5.jar;D:\Study\Maven\repository\com\alibaba\csp\sentinel-transport-common\1.8.5\sentinel-transport-common-1.8.5.jar;D:\Study\Maven\repository\com\alibaba\fastjson\1.2.83_noneautotype\fastjson-1.2.83_noneautotype.jar;D:\Study\Maven\repository\com\alibaba\csp\sentinel-annotation-aspectj\1.8.5\sentinel-annotation-aspectj-1.8.5.jar;D:\Study\Maven\repository\org\aspectj\aspectjweaver\1.9.7\aspectjweaver-1.9.7.jar;D:\Study\Maven\repository\com\alibaba\cloud\spring-cloud-circuitbreaker-sentinel\2021.0.4.0\spring-cloud-circuitbreaker-sentinel-2021.0.4.0.jar;D:\Study\Maven\repository\com\alibaba\csp\sentinel-reactor-adapter\1.8.5\sentinel-reactor-adapter-1.8.5.jar;D:\Study\Maven\repository\com\alibaba\csp\sentinel-spring-webflux-adapter\1.8.5\sentinel-spring-webflux-adapter-1.8.5.jar;D:\Study\Maven\repository\com\alibaba\csp\sentinel-spring-webmvc-adapter\1.8.5\sentinel-spring-webmvc-adapter-1.8.5.jar;D:\Study\Maven\repository\com\alibaba\csp\sentinel-parameter-flow-control\1.8.5\sentinel-parameter-flow-control-1.8.5.jar;D:\Study\Maven\repository\com\googlecode\concurrentlinkedhashmap\concurrentlinkedhashmap-lru\1.4.2\concurrentlinkedhashmap-lru-1.4.2.jar;D:\Study\Maven\repository\com\alibaba\csp\sentinel-cluster-server-default\1.8.5\sentinel-cluster-server-default-1.8.5.jar;D:\Study\Maven\repository\com\alibaba\csp\sentinel-cluster-common-default\1.8.5\sentinel-cluster-common-default-1.8.5.jar;D:\Study\Maven\repository\io\netty\netty-handler\4.1.84.Final\netty-handler-4.1.84.Final.jar;D:\Study\Maven\repository\io\netty\netty-common\4.1.84.Final\netty-common-4.1.84.Final.jar;D:\Study\Maven\repository\io\netty\netty-resolver\4.1.84.Final\netty-resolver-4.1.84.Final.jar;D:\Study\Maven\repository\io\netty\netty-buffer\4.1.84.Final\netty-buffer-4.1.84.Final.jar;D:\Study\Maven\repository\io\netty\netty-transport\4.1.84.Final\netty-transport-4.1.84.Final.jar;D:\Study\Maven\repository\io\netty\netty-transport-native-unix-common\4.1.84.Final\netty-transport-native-unix-common-4.1.84.Final.jar;D:\Study\Maven\repository\io\netty\netty-codec\4.1.84.Final\netty-codec-4.1.84.Final.jar;D:\Study\Maven\repository\com\alibaba\csp\sentinel-cluster-client-default\1.8.5\sentinel-cluster-client-default-1.8.5.jar;D:\Study\Maven\repository\com\alibaba\cloud\spring-cloud-alibaba-sentinel-datasource\2021.0.4.0\spring-cloud-alibaba-sentinel-datasource-2021.0.4.0.jar;D:\Study\Maven\repository\org\springframework\cloud\spring-cloud-starter-bootstrap\3.1.4\spring-cloud-starter-bootstrap-3.1.4.jar;D:\Study\Maven\repository\org\springframework\cloud\spring-cloud-starter\3.1.4\spring-cloud-starter-3.1.4.jar;D:\Study\Maven\repository\org\springframework\security\spring-security-rsa\1.0.11.RELEASE\spring-security-rsa-1.0.11.RELEASE.jar;D:\Study\Maven\repository\org\bouncycastle\bcpkix-jdk15on\1.69\bcpkix-jdk15on-1.69.jar;D:\Study\Maven\repository\org\bouncycastle\bcprov-jdk15on\1.69\bcprov-jdk15on-1.69.jar;D:\Study\Maven\repository\org\bouncycastle\bcutil-jdk15on\1.69\bcutil-jdk15on-1.69.jar;D:\Study\Maven\repository\com\alibaba\cloud\spring-cloud-starter-alibaba-nacos-config\2021.0.4.0\spring-cloud-starter-alibaba-nacos-config-2021.0.4.0.jar;D:\Study\Maven\repository\org\slf4j\slf4j-api\1.7.36\slf4j-api-1.7.36.jar;D:\Study\Maven\repository\org\springframework\boot\spring-boot-configuration-processor\2.7.5\spring-boot-configuration-processor-2.7.5.jar;D:\Study\Maven\repository\com\parsley\HardwareCenter\1.0.0\HardwareCenter-1.0.0.jar;"/>
    <property name="sun.cpu.endian" value="little"/>
    <property name="user.home" value="C:\Users\HOME"/>
    <property name="user.language" value="zh"/>
    <property name="java.specification.vendor" value="Oracle Corporation"/>
    <property name="java.home" value="C:\Program Files\Java\jdk1.8.0_281\jre"/>
    <property name="basedir" value="D:\Study\IntelliJ IDEA 2022.3.2\MyData\HardwareCenter\UploadCenter"/>
    <property name="file.separator" value="\"/>
    <property name="line.separator" value="&#10;"/>
    <property name="java.vm.specification.vendor" value="Oracle Corporation"/>
    <property name="java.specification.name" value="Java Platform API Specification"/>
    <property name="FILE_LOG_CHARSET" value="GBK"/>
    <property name="java.awt.graphicsenv" value="sun.awt.Win32GraphicsEnvironment"/>
    <property name="java.awt.headless" value="true"/>
    <property name="csp.sentinel.api.port" value="8719"/>
    <property name="surefire.real.class.path" value="C:\Users\HOME\AppData\Local\Temp\surefire6484412838478421391\surefirebooter-20230526154534539_7.jar"/>
    <property name="sun.boot.class.path" value="C:\Program Files\Java\jdk1.8.0_281\jre\lib\resources.jar;C:\Program Files\Java\jdk1.8.0_281\jre\lib\rt.jar;C:\Program Files\Java\jdk1.8.0_281\jre\lib\sunrsasign.jar;C:\Program Files\Java\jdk1.8.0_281\jre\lib\jsse.jar;C:\Program Files\Java\jdk1.8.0_281\jre\lib\jce.jar;C:\Program Files\Java\jdk1.8.0_281\jre\lib\charsets.jar;C:\Program Files\Java\jdk1.8.0_281\jre\lib\jfr.jar;C:\Program Files\Java\jdk1.8.0_281\jre\classes"/>
    <property name="user.script" value=""/>
    <property name="JM.LOG.PATH" value="C:\Users\HOME\logs"/>
    <property name="sun.management.compiler" value="HotSpot 64-Bit Tiered Compilers"/>
    <property name="java.runtime.version" value="1.8.0_281-b09"/>
    <property name="user.name" value="HOME"/>
    <property name="path.separator" value=";"/>
    <property name="os.version" value="10.0"/>
    <property name="java.endorsed.dirs" value="C:\Program Files\Java\jdk1.8.0_281\jre\lib\endorsed"/>
    <property name="java.runtime.name" value="Java(TM) SE Runtime Environment"/>
    <property name="file.encoding" value="GBK"/>
    <property name="spring.beaninfo.ignore" value="true"/>
    <property name="sun.nio.ch.bugLevel" value=""/>
    <property name="java.vm.name" value="Java HotSpot(TM) 64-Bit Server VM"/>
    <property name="localRepository" value="D:\Study\Maven\repository"/>
    <property name="java.vendor.url.bug" value="http://bugreport.sun.com/bugreport/"/>
    <property name="java.io.tmpdir" value="C:\Users\HOME\AppData\Local\Temp\"/>
    <property name="idea.version" value="2022.3.2"/>
    <property name="java.version" value="1.8.0_281"/>
    <property name="user.dir" value="D:\Study\IntelliJ IDEA 2022.3.2\MyData\HardwareCenter\UploadCenter"/>
    <property name="os.arch" value="amd64"/>
    <property name="java.vm.specification.name" value="Java Virtual Machine Specification"/>
    <property name="PID" value="26204"/>
    <property name="java.awt.printerjob" value="sun.awt.windows.WPrinterJob"/>
    <property name="csp.sentinel.app.name" value="UploadCenter"/>
    <property name="sun.os.patch.level" value=""/>
    <property name="CONSOLE_LOG_CHARSET" value="GBK"/>
    <property name="java.library.path" value="C:\Program Files\Java\jdk1.8.0_281\jre\bin;C:\Windows\Sun\Java\bin;C:\Windows\system32;C:\Windows;D:\Study\Anaconda\condabin;D:\Study\NVIDIA GPU Computing Toolkit\CUDA\v11.8\bin;D:\Study\NVIDIA GPU Computing Toolkit\CUDA\v11.8\include;D:\Study\NVIDIA GPU Computing Toolkit\CUDA\v11.8\lib;D:\Study\NVIDIA GPU Computing Toolkit\CUDA\v11.8\libnvvp;C:\Program Files (x86)\Common Files\Oracle\Java\javapath;C:\Windows\system32;C:\Windows;C:\Windows\System32\Wbem;C:\Windows\System32\WindowsPowerShell\v1.0\;C:\Windows\System32\OpenSSH\;C:\Program Files (x86)\NVIDIA Corporation\PhysX\Common;C:\Program Files\NVIDIA Corporation\NVIDIA NvDLISR;C:\Program Files\Java\jdk1.8.0_281\bin;D:\Study\Maven\apache-maven-3.9.0\bin;D:\Study\Mysql\mysql-8.0.28-winx64\bin;D:\Study\Anaconda\Scripts;D:\Study\Anaconda;D:\Study\Git\cmd;C:\Program Files\NVIDIA Corporation\Nsight Compute 2022.3.0\;C:\Program Files\Docker\Docker\resources\bin;D:\Study\CLion 2022.3.3\bin\ninja\win\x64;D:\Study\CLion 2022.3.3\bin\mingw\bin;D:\Study\Cmake\bin;D:\Study\nodejs\;C:\Users\HOME\AppData\Local\Microsoft\WindowsApps;;D:\Study\IntelliJ IDEA 2022.3.2\bin;;D:\Study\CLion 2022.3.3\bin;;D:\Study\Microsoft VS Code\bin;C:\Users\HOME\AppData\Roaming\npm;."/>
    <property name="java.vm.info" value="mixed mode"/>
    <property name="java.vendor" value="Oracle Corporation"/>
    <property name="java.vm.version" value="25.281-b09"/>
    <property name="java.ext.dirs" value="C:\Program Files\Java\jdk1.8.0_281\jre\lib\ext;C:\Windows\Sun\Java\lib\ext"/>
    <property name="sun.io.unicode.encoding" value="UnicodeLittle"/>
    <property name="java.class.version" value="52.0"/>
  </properties>
  <testcase name="test01" classname="com.parsley.uploadTest" time="0.168">
    <system-out><![CDATA[15:45:35.100 [main] DEBUG org.springframework.test.context.BootstrapUtils - Instantiating CacheAwareContextLoaderDelegate from class [org.springframework.test.context.cache.DefaultCacheAwareContextLoaderDelegate]
15:45:35.107 [main] DEBUG org.springframework.test.context.BootstrapUtils - Instantiating BootstrapContext using constructor [public org.springframework.test.context.support.DefaultBootstrapContext(java.lang.Class,org.springframework.test.context.CacheAwareContextLoaderDelegate)]
15:45:35.132 [main] DEBUG org.springframework.test.context.BootstrapUtils - Instantiating TestContextBootstrapper for test class [com.parsley.uploadTest] from class [org.springframework.boot.test.context.SpringBootTestContextBootstrapper]
15:45:35.142 [main] INFO org.springframework.boot.test.context.SpringBootTestContextBootstrapper - Neither @ContextConfiguration nor @ContextHierarchy found for test class [com.parsley.uploadTest], using SpringBootContextLoader
15:45:35.145 [main] DEBUG org.springframework.test.context.support.AbstractContextLoader - Did not detect default resource location for test class [com.parsley.uploadTest]: class path resource [com/parsley/uploadTest-context.xml] does not exist
15:45:35.145 [main] DEBUG org.springframework.test.context.support.AbstractContextLoader - Did not detect default resource location for test class [com.parsley.uploadTest]: class path resource [com/parsley/uploadTestContext.groovy] does not exist
15:45:35.145 [main] INFO org.springframework.test.context.support.AbstractContextLoader - Could not detect default resource locations for test class [com.parsley.uploadTest]: no resource found for suffixes {-context.xml, Context.groovy}.
15:45:35.146 [main] INFO org.springframework.test.context.support.AnnotationConfigContextLoaderUtils - Could not detect default configuration classes for test class [com.parsley.uploadTest]: uploadTest does not declare any static, non-private, non-final, nested classes annotated with @Configuration.
15:45:35.182 [main] DEBUG org.springframework.test.context.support.ActiveProfilesUtils - Could not find an 'annotation declaring class' for annotation type [org.springframework.test.context.ActiveProfiles] and class [com.parsley.uploadTest]
15:45:35.233 [main] DEBUG org.springframework.context.annotation.ClassPathScanningCandidateComponentProvider - Identified candidate component class: file [D:\Study\IntelliJ IDEA 2022.3.2\MyData\HardwareCenter\UploadCenter\target\classes\com\parsley\UploadCenter.class]
15:45:35.234 [main] INFO org.springframework.boot.test.context.SpringBootTestContextBootstrapper - Found @SpringBootConfiguration com.parsley.UploadCenter for test class com.parsley.uploadTest
15:45:35.304 [main] DEBUG org.springframework.boot.test.context.SpringBootTestContextBootstrapper - @TestExecutionListeners is not present for class [com.parsley.uploadTest]: using defaults.
15:45:35.305 [main] INFO org.springframework.boot.test.context.SpringBootTestContextBootstrapper - Loaded default TestExecutionListener class names from location [META-INF/spring.factories]: [org.springframework.boot.test.mock.mockito.MockitoTestExecutionListener, org.springframework.boot.test.mock.mockito.ResetMocksTestExecutionListener, org.springframework.boot.test.autoconfigure.restdocs.RestDocsTestExecutionListener, org.springframework.boot.test.autoconfigure.web.client.MockRestServiceServerResetTestExecutionListener, org.springframework.boot.test.autoconfigure.web.servlet.MockMvcPrintOnlyOnFailureTestExecutionListener, org.springframework.boot.test.autoconfigure.web.servlet.WebDriverTestExecutionListener, org.springframework.boot.test.autoconfigure.webservices.client.MockWebServiceServerTestExecutionListener, org.springframework.test.context.web.ServletTestExecutionListener, org.springframework.test.context.support.DirtiesContextBeforeModesTestExecutionListener, org.springframework.test.context.event.ApplicationEventsTestExecutionListener, org.springframework.test.context.support.DependencyInjectionTestExecutionListener, org.springframework.test.context.support.DirtiesContextTestExecutionListener, org.springframework.test.context.transaction.TransactionalTestExecutionListener, org.springframework.test.context.jdbc.SqlScriptsTestExecutionListener, org.springframework.test.context.event.EventPublishingTestExecutionListener]
15:45:35.316 [main] DEBUG org.springframework.boot.test.context.SpringBootTestContextBootstrapper - Skipping candidate TestExecutionListener [org.springframework.test.context.transaction.TransactionalTestExecutionListener] due to a missing dependency. Specify custom listener classes or make the default listener classes and their required dependencies available. Offending class: [org/springframework/transaction/interceptor/TransactionAttributeSource]
15:45:35.316 [main] DEBUG org.springframework.boot.test.context.SpringBootTestContextBootstrapper - Skipping candidate TestExecutionListener [org.springframework.test.context.jdbc.SqlScriptsTestExecutionListener] due to a missing dependency. Specify custom listener classes or make the default listener classes and their required dependencies available. Offending class: [org/springframework/transaction/interceptor/TransactionAttribute]
15:45:35.316 [main] INFO org.springframework.boot.test.context.SpringBootTestContextBootstrapper - Using TestExecutionListeners: [org.springframework.test.context.web.ServletTestExecutionListener@6f36c2f0, org.springframework.test.context.support.DirtiesContextBeforeModesTestExecutionListener@f58853c, org.springframework.test.context.event.ApplicationEventsTestExecutionListener@1224144a, org.springframework.boot.test.mock.mockito.MockitoTestExecutionListener@29f7cefd, org.springframework.boot.test.autoconfigure.SpringBootDependencyInjectionTestExecutionListener@700fb871, org.springframework.test.context.support.DirtiesContextTestExecutionListener@3b35a229, org.springframework.test.context.event.EventPublishingTestExecutionListener@9816741, org.springframework.boot.test.mock.mockito.ResetMocksTestExecutionListener@1e16c0aa, org.springframework.boot.test.autoconfigure.restdocs.RestDocsTestExecutionListener@13d73f29, org.springframework.boot.test.autoconfigure.web.client.MockRestServiceServerResetTestExecutionListener@565f390, org.springframework.boot.test.autoconfigure.web.servlet.MockMvcPrintOnlyOnFailureTestExecutionListener@7dc3712, org.springframework.boot.test.autoconfigure.web.servlet.WebDriverTestExecutionListener@2f67a4d3, org.springframework.boot.test.autoconfigure.webservices.client.MockWebServiceServerTestExecutionListener@5e3f861]
15:45:35.320 [main] DEBUG org.springframework.test.context.support.AbstractDirtiesContextTestExecutionListener - Before test class: context [DefaultTestContext@2235eaab testClass = uploadTest, testInstance = [null], testMethod = [null], testException = [null], mergedContextConfiguration = [WebMergedContextConfiguration@17503f6b testClass = uploadTest, locations = '{}', classes = '{class com.parsley.UploadCenter}', contextInitializerClasses = '[]', activeProfiles = '{}', propertySourceLocations = '{}', propertySourceProperties = '{org.springframework.boot.test.context.SpringBootTestContextBootstrapper=true}', contextCustomizers = set[org.springframework.boot.test.context.filter.ExcludeFilterContextCustomizer@302552ec, org.springframework.boot.test.json.DuplicateJsonObjectContextCustomizerFactory$DuplicateJsonObjectContextCustomizer@49438269, org.springframework.boot.test.mock.mockito.MockitoContextCustomizer@0, org.springframework.boot.test.web.client.TestRestTemplateContextCustomizer@247bddad, org.springframework.boot.test.autoconfigure.actuate.metrics.MetricsExportContextCustomizerFactory$DisableMetricExportContextCustomizer@41a2befb, org.springframework.boot.test.autoconfigure.properties.PropertyMappingContextCustomizer@0, org.springframework.boot.test.autoconfigure.web.servlet.WebDriverContextCustomizerFactory$Customizer@7d8704ef, org.springframework.boot.test.context.SpringBootTestArgs@1, org.springframework.boot.test.context.SpringBootTestWebEnvironment@3224f60b], resourceBasePath = 'src/main/webapp', contextLoader = 'org.springframework.boot.test.context.SpringBootContextLoader', parent = [null]], attributes = map['org.springframework.test.context.web.ServletTestExecutionListener.activateListener' -> true]], class annotated with @DirtiesContext [false] with mode [null].

  .   ____          _            __ _ _
 /\\ / ___'_ __ _ _(_)_ __  __ _ \ \ \ \
( ( )\___ | '_ | '_| | '_ \/ _` | \ \ \ \
 \\/  ___)| |_)| | | | | || (_| |  ) ) ) )
  '  |____| .__|_| |_|_| |_\__, | / / / /
 =========|_|==============|___/=/_/_/_/
 :: Spring Boot ::                (v2.7.5)

2023-05-26 15:45:37.320  INFO 26204 --- [           main] com.alibaba.nacos.common.remote.client   : [RpcClientFactory] create a new rpc client of c7684ed0-a445-4fe6-ac32-52113ad73ae1_config-0
2023-05-26 15:45:37.377  INFO 26204 --- [           main] org.reflections.Reflections              : Reflections took 32 ms to scan 1 urls, producing 3 keys and 6 values 
2023-05-26 15:45:37.405  INFO 26204 --- [           main] org.reflections.Reflections              : Reflections took 14 ms to scan 1 urls, producing 4 keys and 9 values 
2023-05-26 15:45:37.414  INFO 26204 --- [           main] org.reflections.Reflections              : Reflections took 8 ms to scan 1 urls, producing 3 keys and 10 values 
2023-05-26 15:45:37.426  INFO 26204 --- [           main] org.reflections.Reflections              : Reflections took 10 ms to scan 13 urls, producing 0 keys and 0 values 
2023-05-26 15:45:37.434  INFO 26204 --- [           main] org.reflections.Reflections              : Reflections took 7 ms to scan 1 urls, producing 1 keys and 5 values 
2023-05-26 15:45:37.446  INFO 26204 --- [           main] org.reflections.Reflections              : Reflections took 11 ms to scan 1 urls, producing 1 keys and 7 values 
2023-05-26 15:45:37.458  INFO 26204 --- [           main] org.reflections.Reflections              : Reflections took 10 ms to scan 1 urls, producing 2 keys and 8 values 
2023-05-26 15:45:37.477  INFO 26204 --- [           main] org.reflections.Reflections              : Reflections took 17 ms to scan 13 urls, producing 0 keys and 0 values 
2023-05-26 15:45:37.478  INFO 26204 --- [           main] com.alibaba.nacos.common.remote.client   : [c7684ed0-a445-4fe6-ac32-52113ad73ae1_config-0] RpcClient init label, labels = {module=config, Vipserver-Tag=null, source=sdk, Amory-Tag=null, Location-Tag=null, taskId=0, AppName=unknown}
2023-05-26 15:45:37.478  INFO 26204 --- [           main] com.alibaba.nacos.common.remote.client   : [c7684ed0-a445-4fe6-ac32-52113ad73ae1_config-0] Register server push request handler:com.alibaba.nacos.client.config.impl.ClientWorker$ConfigRpcTransportClient$$Lambda$641/540206885
2023-05-26 15:45:37.478  INFO 26204 --- [           main] com.alibaba.nacos.common.remote.client   : [c7684ed0-a445-4fe6-ac32-52113ad73ae1_config-0] Register server push request handler:com.alibaba.nacos.client.config.impl.ClientWorker$ConfigRpcTransportClient$$Lambda$642/1294139740
2023-05-26 15:45:37.478  INFO 26204 --- [           main] com.alibaba.nacos.common.remote.client   : [c7684ed0-a445-4fe6-ac32-52113ad73ae1_config-0] Registry connection listener to current client:com.alibaba.nacos.client.config.impl.ClientWorker$ConfigRpcTransportClient$1
2023-05-26 15:45:37.479  INFO 26204 --- [           main] com.alibaba.nacos.common.remote.client   : [c7684ed0-a445-4fe6-ac32-52113ad73ae1_config-0] RpcClient init, ServerListFactory = com.alibaba.nacos.client.config.impl.ClientWorker$ConfigRpcTransportClient$2
2023-05-26 15:45:37.483  INFO 26204 --- [           main] com.alibaba.nacos.common.remote.client   : [c7684ed0-a445-4fe6-ac32-52113ad73ae1_config-0] Try to connect to server on start up, server: {serverIp = 'localhost', server main port = 8848}
2023-05-26 15:45:39.084  INFO 26204 --- [           main] com.alibaba.nacos.common.remote.client   : [c7684ed0-a445-4fe6-ac32-52113ad73ae1_config-0] Success to connect to server [localhost:8848] on start up, connectionId = 1685087138913_172.24.0.1_56642
2023-05-26 15:45:39.084  INFO 26204 --- [t.remote.worker] com.alibaba.nacos.common.remote.client   : [c7684ed0-a445-4fe6-ac32-52113ad73ae1_config-0] Notify connected event to listeners.
2023-05-26 15:45:39.085  INFO 26204 --- [           main] com.alibaba.nacos.common.remote.client   : [c7684ed0-a445-4fe6-ac32-52113ad73ae1_config-0] Register server push request handler:com.alibaba.nacos.common.remote.client.RpcClient$ConnectResetRequestHandler
2023-05-26 15:45:39.085  INFO 26204 --- [           main] com.alibaba.nacos.common.remote.client   : [c7684ed0-a445-4fe6-ac32-52113ad73ae1_config-0] Register server push request handler:com.alibaba.nacos.common.remote.client.RpcClient$$Lambda$650/435034854
2023-05-26 15:45:39.120  WARN 26204 --- [           main] c.a.c.n.c.NacosPropertySourceBuilder     : Ignore the empty nacos configuration and get it based on dataId[UploadCenter] & group[DEFAULT_GROUP]
2023-05-26 15:45:39.129  WARN 26204 --- [           main] c.a.c.n.c.NacosPropertySourceBuilder     : Ignore the empty nacos configuration and get it based on dataId[UploadCenter.yaml] & group[DEFAULT_GROUP]
2023-05-26 15:45:39.144  INFO 26204 --- [           main] b.c.PropertySourceBootstrapConfiguration : Located property source: [BootstrapPropertySource {name='bootstrapProperties-UploadCenter-dev.yaml,DEFAULT_GROUP'}, BootstrapPropertySource {name='bootstrapProperties-UploadCenter.yaml,DEFAULT_GROUP'}, BootstrapPropertySource {name='bootstrapProperties-UploadCenter,DEFAULT_GROUP'}]
2023-05-26 15:45:39.154  INFO 26204 --- [           main] com.parsley.uploadTest                   : The following 1 profile is active: "dev"
2023-05-26 15:45:39.537  INFO 26204 --- [           main] o.s.cloud.context.scope.GenericScope     : BeanFactory id=161b1228-8a47-3ba5-994f-86d3fd5b5d18
2023-05-26 15:45:40.154  INFO 26204 --- [           main] c.a.c.sentinel.SentinelWebMvcConfigurer  : [Sentinel Starter] register SentinelWebInterceptor with urlPatterns: [/**].
2023-05-26 15:45:41.520  INFO 26204 --- [           main] com.alibaba.nacos.common.remote.client   : [RpcClientFactory] create a new rpc client of ae81595e-34c9-447d-bdbb-a32d86ec079f_config-0
2023-05-26 15:45:41.520  INFO 26204 --- [           main] com.alibaba.nacos.common.remote.client   : [ae81595e-34c9-447d-bdbb-a32d86ec079f_config-0] RpcClient init label, labels = {module=config, Vipserver-Tag=null, source=sdk, Amory-Tag=null, Location-Tag=null, taskId=0, AppName=unknown}
2023-05-26 15:45:41.520  INFO 26204 --- [           main] com.alibaba.nacos.common.remote.client   : [ae81595e-34c9-447d-bdbb-a32d86ec079f_config-0] Register server push request handler:com.alibaba.nacos.client.config.impl.ClientWorker$ConfigRpcTransportClient$$Lambda$641/540206885
2023-05-26 15:45:41.520  INFO 26204 --- [           main] com.alibaba.nacos.common.remote.client   : [ae81595e-34c9-447d-bdbb-a32d86ec079f_config-0] Register server push request handler:com.alibaba.nacos.client.config.impl.ClientWorker$ConfigRpcTransportClient$$Lambda$642/1294139740
2023-05-26 15:45:41.521  INFO 26204 --- [           main] com.alibaba.nacos.common.remote.client   : [ae81595e-34c9-447d-bdbb-a32d86ec079f_config-0] Registry connection listener to current client:com.alibaba.nacos.client.config.impl.ClientWorker$ConfigRpcTransportClient$1
2023-05-26 15:45:41.521  INFO 26204 --- [           main] com.alibaba.nacos.common.remote.client   : [ae81595e-34c9-447d-bdbb-a32d86ec079f_config-0] RpcClient init, ServerListFactory = com.alibaba.nacos.client.config.impl.ClientWorker$ConfigRpcTransportClient$2
2023-05-26 15:45:41.521  INFO 26204 --- [           main] com.alibaba.nacos.common.remote.client   : [ae81595e-34c9-447d-bdbb-a32d86ec079f_config-0] Try to connect to server on start up, server: {serverIp = 'localhost', server main port = 8848}
2023-05-26 15:45:41.641  INFO 26204 --- [           main] com.alibaba.nacos.common.remote.client   : [ae81595e-34c9-447d-bdbb-a32d86ec079f_config-0] Success to connect to server [localhost:8848] on start up, connectionId = 1685087141527_172.24.0.1_56656
2023-05-26 15:45:41.641  INFO 26204 --- [           main] com.alibaba.nacos.common.remote.client   : [ae81595e-34c9-447d-bdbb-a32d86ec079f_config-0] Register server push request handler:com.alibaba.nacos.common.remote.client.RpcClient$ConnectResetRequestHandler
2023-05-26 15:45:41.641  INFO 26204 --- [t.remote.worker] com.alibaba.nacos.common.remote.client   : [ae81595e-34c9-447d-bdbb-a32d86ec079f_config-0] Notify connected event to listeners.
2023-05-26 15:45:41.641  INFO 26204 --- [           main] com.alibaba.nacos.common.remote.client   : [ae81595e-34c9-447d-bdbb-a32d86ec079f_config-0] Register server push request handler:com.alibaba.nacos.common.remote.client.RpcClient$$Lambda$650/435034854
INFO: Sentinel log output type is: file
INFO: Sentinel log charset is: utf-8
INFO: Sentinel log base directory is: C:\Users\HOME\logs\csp\
INFO: Sentinel log name use pid is: false
INFO: Sentinel log level is: INFO
2023-05-26 15:45:41.757  INFO 26204 --- [           main] com.alibaba.nacos.common.remote.client   : [RpcClientFactory] create a new rpc client of 4e900d36-b91d-4b2d-8c64-0edf01ef9539
2023-05-26 15:45:41.757  INFO 26204 --- [           main] com.alibaba.nacos.common.remote.client   : [4e900d36-b91d-4b2d-8c64-0edf01ef9539] RpcClient init label, labels = {module=naming, source=sdk}
2023-05-26 15:45:41.758  INFO 26204 --- [           main] com.alibaba.nacos.common.remote.client   : [4e900d36-b91d-4b2d-8c64-0edf01ef9539] RpcClient init, ServerListFactory = com.alibaba.nacos.client.naming.core.ServerListManager
2023-05-26 15:45:41.758  INFO 26204 --- [           main] com.alibaba.nacos.common.remote.client   : [4e900d36-b91d-4b2d-8c64-0edf01ef9539] Registry connection listener to current client:com.alibaba.nacos.client.naming.remote.gprc.redo.NamingGrpcRedoService
2023-05-26 15:45:41.759  INFO 26204 --- [           main] com.alibaba.nacos.common.remote.client   : [4e900d36-b91d-4b2d-8c64-0edf01ef9539] Register server push request handler:com.alibaba.nacos.client.naming.remote.gprc.NamingPushRequestHandler
2023-05-26 15:45:41.759  INFO 26204 --- [           main] com.alibaba.nacos.common.remote.client   : [4e900d36-b91d-4b2d-8c64-0edf01ef9539] Try to connect to server on start up, server: {serverIp = 'localhost', server main port = 8848}
2023-05-26 15:45:41.876  INFO 26204 --- [           main] com.alibaba.nacos.common.remote.client   : [4e900d36-b91d-4b2d-8c64-0edf01ef9539] Success to connect to server [localhost:8848] on start up, connectionId = 1685087141766_172.24.0.1_56668
2023-05-26 15:45:41.876  INFO 26204 --- [           main] com.alibaba.nacos.common.remote.client   : [4e900d36-b91d-4b2d-8c64-0edf01ef9539] Register server push request handler:com.alibaba.nacos.common.remote.client.RpcClient$ConnectResetRequestHandler
2023-05-26 15:45:41.876  INFO 26204 --- [t.remote.worker] com.alibaba.nacos.common.remote.client   : [4e900d36-b91d-4b2d-8c64-0edf01ef9539] Notify connected event to listeners.
2023-05-26 15:45:41.876  INFO 26204 --- [           main] com.alibaba.nacos.common.remote.client   : [4e900d36-b91d-4b2d-8c64-0edf01ef9539] Register server push request handler:com.alibaba.nacos.common.remote.client.RpcClient$$Lambda$650/435034854
2023-05-26 15:45:41.901  INFO 26204 --- [           main] com.parsley.uploadTest                   : Started uploadTest in 6.543 seconds (JVM running for 7.285)
2023-05-26 15:45:41.905  INFO 26204 --- [           main] c.a.c.n.refresh.NacosContextRefresher    : [Nacos Config] Listening config: dataId=UploadCenter-dev.yaml, group=DEFAULT_GROUP
2023-05-26 15:45:41.907  INFO 26204 --- [           main] c.a.c.n.refresh.NacosContextRefresher    : [Nacos Config] Listening config: dataId=UploadCenter.yaml, group=DEFAULT_GROUP
2023-05-26 15:45:41.908  INFO 26204 --- [           main] c.a.c.n.refresh.NacosContextRefresher    : [Nacos Config] Listening config: dataId=UploadCenter, group=DEFAULT_GROUP
]]></system-out>
  </testcase>
</testsuite>