<?xml version="1.0" encoding="UTF-8"?>
<testsuite xmlns:xsi="http://www.w3.org/2001/XMLSchema-instance" xsi:noNamespaceSchemaLocation="https://maven.apache.org/surefire/maven-surefire-plugin/xsd/surefire-test-report-3.0.xsd" version="3.0" name="com.parsley.GPTTest" time="0.005" tests="0" errors="0" skipped="0" failures="0">
  <properties>
    <property name="sun.desktop" value="windows"/>
    <property name="awt.toolkit" value="sun.awt.windows.WToolkit"/>
    <property name="file.encoding.pkg" value="sun.io"/>
    <property name="java.specification.version" value="1.8"/>
    <property name="sun.cpu.isalist" value="amd64"/>
    <property name="sun.jnu.encoding" value="GBK"/>
    <property name="java.class.path" value="D:\Study\IntelliJ IDEA 2022.3.2\MyData\HardwareCenter\GPTServer\target\test-classes;D:\Study\IntelliJ IDEA 2022.3.2\MyData\HardwareCenter\GPTServer\target\classes;D:\Study\Maven\repository\com\alibaba\cloud\spring-cloud-starter-alibaba-nacos-discovery\2021.0.4.0\spring-cloud-starter-alibaba-nacos-discovery-2021.0.4.0.jar;D:\Study\Maven\repository\com\alibaba\cloud\spring-cloud-alibaba-commons\2021.0.4.0\spring-cloud-alibaba-commons-2021.0.4.0.jar;D:\Study\Maven\repository\com\alibaba\nacos\nacos-client\2.0.4\nacos-client-2.0.4.jar;D:\Study\Maven\repository\commons-codec\commons-codec\1.15\commons-codec-1.15.jar;D:\Study\Maven\repository\com\fasterxml\jackson\core\jackson-core\2.13.4\jackson-core-2.13.4.jar;D:\Study\Maven\repository\com\fasterxml\jackson\core\jackson-databind\2.13.4.2\jackson-databind-2.13.4.2.jar;D:\Study\Maven\repository\com\fasterxml\jackson\core\jackson-annotations\2.13.4\jackson-annotations-2.13.4.jar;D:\Study\Maven\repository\org\apache\httpcomponents\httpasyncclient\4.1.5\httpasyncclient-4.1.5.jar;D:\Study\Maven\repository\org\apache\httpcomponents\httpcore\4.4.15\httpcore-4.4.15.jar;D:\Study\Maven\repository\org\apache\httpcomponents\httpcore-nio\4.4.15\httpcore-nio-4.4.15.jar;D:\Study\Maven\repository\org\apache\httpcomponents\httpclient\4.5.13\httpclient-4.5.13.jar;D:\Study\Maven\repository\org\reflections\reflections\0.9.11\reflections-0.9.11.jar;D:\Study\Maven\repository\com\google\guava\guava\20.0\guava-20.0.jar;D:\Study\Maven\repository\org\javassist\javassist\3.21.0-GA\javassist-3.21.0-GA.jar;D:\Study\Maven\repository\io\prometheus\simpleclient\0.15.0\simpleclient-0.15.0.jar;D:\Study\Maven\repository\io\prometheus\simpleclient_tracer_otel\0.15.0\simpleclient_tracer_otel-0.15.0.jar;D:\Study\Maven\repository\io\prometheus\simpleclient_tracer_common\0.15.0\simpleclient_tracer_common-0.15.0.jar;D:\Study\Maven\repository\io\prometheus\simpleclient_tracer_otel_agent\0.15.0\simpleclient_tracer_otel_agent-0.15.0.jar;D:\Study\Maven\repository\org\yaml\snakeyaml\1.30\snakeyaml-1.30.jar;D:\Study\Maven\repository\com\alibaba\spring\spring-context-support\1.0.11\spring-context-support-1.0.11.jar;D:\Study\Maven\repository\org\springframework\cloud\spring-cloud-commons\3.1.4\spring-cloud-commons-3.1.4.jar;D:\Study\Maven\repository\org\springframework\security\spring-security-crypto\5.7.4\spring-security-crypto-5.7.4.jar;D:\Study\Maven\repository\org\springframework\cloud\spring-cloud-context\3.1.4\spring-cloud-context-3.1.4.jar;D:\Study\Maven\repository\org\springframework\boot\spring-boot-starter-web\2.7.5\spring-boot-starter-web-2.7.5.jar;D:\Study\Maven\repository\org\springframework\boot\spring-boot-starter\2.7.5\spring-boot-starter-2.7.5.jar;D:\Study\Maven\repository\org\springframework\boot\spring-boot\2.7.5\spring-boot-2.7.5.jar;D:\Study\Maven\repository\org\springframework\boot\spring-boot-autoconfigure\2.7.5\spring-boot-autoconfigure-2.7.5.jar;D:\Study\Maven\repository\org\springframework\boot\spring-boot-starter-logging\2.7.5\spring-boot-starter-logging-2.7.5.jar;D:\Study\Maven\repository\ch\qos\logback\logback-classic\1.2.11\logback-classic-1.2.11.jar;D:\Study\Maven\repository\ch\qos\logback\logback-core\1.2.11\logback-core-1.2.11.jar;D:\Study\Maven\repository\org\apache\logging\log4j\log4j-to-slf4j\2.17.2\log4j-to-slf4j-2.17.2.jar;D:\Study\Maven\repository\org\apache\logging\log4j\log4j-api\2.17.2\log4j-api-2.17.2.jar;D:\Study\Maven\repository\org\slf4j\jul-to-slf4j\1.7.36\jul-to-slf4j-1.7.36.jar;D:\Study\Maven\repository\jakarta\annotation\jakarta.annotation-api\1.3.5\jakarta.annotation-api-1.3.5.jar;D:\Study\Maven\repository\org\springframework\spring-core\5.3.23\spring-core-5.3.23.jar;D:\Study\Maven\repository\org\springframework\spring-jcl\5.3.23\spring-jcl-5.3.23.jar;D:\Study\Maven\repository\org\springframework\boot\spring-boot-starter-json\2.7.5\spring-boot-starter-json-2.7.5.jar;D:\Study\Maven\repository\com\fasterxml\jackson\datatype\jackson-datatype-jdk8\2.13.4\jackson-datatype-jdk8-2.13.4.jar;D:\Study\Maven\repository\com\fasterxml\jackson\datatype\jackson-datatype-jsr310\2.13.4\jackson-datatype-jsr310-2.13.4.jar;D:\Study\Maven\repository\com\fasterxml\jackson\module\jackson-module-parameter-names\2.13.4\jackson-module-parameter-names-2.13.4.jar;D:\Study\Maven\repository\org\springframework\boot\spring-boot-starter-tomcat\2.7.5\spring-boot-starter-tomcat-2.7.5.jar;D:\Study\Maven\repository\org\apache\tomcat\embed\tomcat-embed-core\9.0.68\tomcat-embed-core-9.0.68.jar;D:\Study\Maven\repository\org\apache\tomcat\embed\tomcat-embed-el\9.0.68\tomcat-embed-el-9.0.68.jar;D:\Study\Maven\repository\org\apache\tomcat\embed\tomcat-embed-websocket\9.0.68\tomcat-embed-websocket-9.0.68.jar;D:\Study\Maven\repository\org\springframework\spring-web\5.3.23\spring-web-5.3.23.jar;D:\Study\Maven\repository\org\springframework\spring-beans\5.3.23\spring-beans-5.3.23.jar;D:\Study\Maven\repository\org\springframework\spring-webmvc\5.3.23\spring-webmvc-5.3.23.jar;D:\Study\Maven\repository\org\springframework\spring-aop\5.3.23\spring-aop-5.3.23.jar;D:\Study\Maven\repository\org\springframework\spring-context\5.3.23\spring-context-5.3.23.jar;D:\Study\Maven\repository\org\springframework\spring-expression\5.3.23\spring-expression-5.3.23.jar;D:\Study\Maven\repository\org\projectlombok\lombok\1.18.26\lombok-1.18.26.jar;D:\Study\Maven\repository\com\alibaba\csp\sentinel-datasource-nacos\1.8.5\sentinel-datasource-nacos-1.8.5.jar;D:\Study\Maven\repository\com\alibaba\csp\sentinel-datasource-extension\1.8.5\sentinel-datasource-extension-1.8.5.jar;D:\Study\Maven\repository\com\alibaba\csp\sentinel-core\1.8.5\sentinel-core-1.8.5.jar;D:\Study\Maven\repository\com\alibaba\cloud\spring-cloud-starter-alibaba-sentinel\2021.0.4.0\spring-cloud-starter-alibaba-sentinel-2021.0.4.0.jar;D:\Study\Maven\repository\com\alibaba\csp\sentinel-transport-simple-http\1.8.5\sentinel-transport-simple-http-1.8.5.jar;D:\Study\Maven\repository\com\alibaba\csp\sentinel-transport-common\1.8.5\sentinel-transport-common-1.8.5.jar;D:\Study\Maven\repository\com\alibaba\fastjson\1.2.83_noneautotype\fastjson-1.2.83_noneautotype.jar;D:\Study\Maven\repository\com\alibaba\csp\sentinel-annotation-aspectj\1.8.5\sentinel-annotation-aspectj-1.8.5.jar;D:\Study\Maven\repository\org\aspectj\aspectjweaver\1.9.7\aspectjweaver-1.9.7.jar;D:\Study\Maven\repository\com\alibaba\cloud\spring-cloud-circuitbreaker-sentinel\2021.0.4.0\spring-cloud-circuitbreaker-sentinel-2021.0.4.0.jar;D:\Study\Maven\repository\com\alibaba\csp\sentinel-reactor-adapter\1.8.5\sentinel-reactor-adapter-1.8.5.jar;D:\Study\Maven\repository\com\alibaba\csp\sentinel-spring-webflux-adapter\1.8.5\sentinel-spring-webflux-adapter-1.8.5.jar;D:\Study\Maven\repository\com\alibaba\csp\sentinel-spring-webmvc-adapter\1.8.5\sentinel-spring-webmvc-adapter-1.8.5.jar;D:\Study\Maven\repository\com\alibaba\csp\sentinel-parameter-flow-control\1.8.5\sentinel-parameter-flow-control-1.8.5.jar;D:\Study\Maven\repository\com\googlecode\concurrentlinkedhashmap\concurrentlinkedhashmap-lru\1.4.2\concurrentlinkedhashmap-lru-1.4.2.jar;D:\Study\Maven\repository\com\alibaba\csp\sentinel-cluster-server-default\1.8.5\sentinel-cluster-server-default-1.8.5.jar;D:\Study\Maven\repository\com\alibaba\csp\sentinel-cluster-common-default\1.8.5\sentinel-cluster-common-default-1.8.5.jar;D:\Study\Maven\repository\io\netty\netty-handler\4.1.84.Final\netty-handler-4.1.84.Final.jar;D:\Study\Maven\repository\io\netty\netty-common\4.1.84.Final\netty-common-4.1.84.Final.jar;D:\Study\Maven\repository\io\netty\netty-resolver\4.1.84.Final\netty-resolver-4.1.84.Final.jar;D:\Study\Maven\repository\io\netty\netty-buffer\4.1.84.Final\netty-buffer-4.1.84.Final.jar;D:\Study\Maven\repository\io\netty\netty-transport\4.1.84.Final\netty-transport-4.1.84.Final.jar;D:\Study\Maven\repository\io\netty\netty-transport-native-unix-common\4.1.84.Final\netty-transport-native-unix-common-4.1.84.Final.jar;D:\Study\Maven\repository\io\netty\netty-codec\4.1.84.Final\netty-codec-4.1.84.Final.jar;D:\Study\Maven\repository\com\alibaba\csp\sentinel-cluster-client-default\1.8.5\sentinel-cluster-client-default-1.8.5.jar;D:\Study\Maven\repository\com\alibaba\cloud\spring-cloud-alibaba-sentinel-datasource\2021.0.4.0\spring-cloud-alibaba-sentinel-datasource-2021.0.4.0.jar;D:\Study\Maven\repository\org\springframework\cloud\spring-cloud-starter-bootstrap\3.1.4\spring-cloud-starter-bootstrap-3.1.4.jar;D:\Study\Maven\repository\org\springframework\cloud\spring-cloud-starter\3.1.4\spring-cloud-starter-3.1.4.jar;D:\Study\Maven\repository\org\springframework\security\spring-security-rsa\1.0.11.RELEASE\spring-security-rsa-1.0.11.RELEASE.jar;D:\Study\Maven\repository\org\bouncycastle\bcpkix-jdk15on\1.69\bcpkix-jdk15on-1.69.jar;D:\Study\Maven\repository\org\bouncycastle\bcprov-jdk15on\1.69\bcprov-jdk15on-1.69.jar;D:\Study\Maven\repository\org\bouncycastle\bcutil-jdk15on\1.69\bcutil-jdk15on-1.69.jar;D:\Study\Maven\repository\com\alibaba\cloud\spring-cloud-starter-alibaba-nacos-config\2021.0.4.0\spring-cloud-starter-alibaba-nacos-config-2021.0.4.0.jar;D:\Study\Maven\repository\org\slf4j\slf4j-api\1.7.36\slf4j-api-1.7.36.jar;D:\Study\Maven\repository\org\springframework\cloud\spring-cloud-starter-loadbalancer\3.1.4\spring-cloud-starter-loadbalancer-3.1.4.jar;D:\Study\Maven\repository\org\springframework\cloud\spring-cloud-loadbalancer\3.1.4\spring-cloud-loadbalancer-3.1.4.jar;D:\Study\Maven\repository\io\projectreactor\reactor-core\3.4.24\reactor-core-3.4.24.jar;D:\Study\Maven\repository\org\reactivestreams\reactive-streams\1.0.4\reactive-streams-1.0.4.jar;D:\Study\Maven\repository\io\projectreactor\addons\reactor-extra\3.4.8\reactor-extra-3.4.8.jar;D:\Study\Maven\repository\org\springframework\boot\spring-boot-starter-cache\2.7.5\spring-boot-starter-cache-2.7.5.jar;D:\Study\Maven\repository\org\springframework\spring-context-support\5.3.23\spring-context-support-5.3.23.jar;D:\Study\Maven\repository\com\stoyanr\evictor\1.0.0\evictor-1.0.0.jar;D:\Study\Maven\repository\com\parsley\HardwareCenter\1.0.0\HardwareCenter-1.0.0.jar;"/>
    <property name="java.vm.vendor" value="Oracle Corporation"/>
    <property name="sun.arch.data.model" value="64"/>
    <property name="user.variant" value=""/>
    <property name="java.vendor.url" value="http://java.oracle.com/"/>
    <property name="user.timezone" value="Asia/Shanghai"/>
    <property name="java.vm.specification.version" value="1.8"/>
    <property name="os.name" value="Windows 10"/>
    <property name="user.country" value="CN"/>
    <property name="sun.java.launcher" value="SUN_STANDARD"/>
    <property name="sun.boot.library.path" value="C:\Program Files\Java\jdk1.8.0_281\jre\bin"/>
    <property name="sun.java.command" value="C:\Users\HOME\AppData\Local\Temp\surefire6018996172682918830\surefirebooter-20230526154547230_11.jar C:\Users\HOME\AppData\Local\Temp\surefire6018996172682918830 2023-05-26T15-45-16_943-jvmRun1 surefire-20230526154547230_9tmp surefire_2-20230526154547230_10tmp"/>
    <property name="surefire.test.class.path" value="D:\Study\IntelliJ IDEA 2022.3.2\MyData\HardwareCenter\GPTServer\target\test-classes;D:\Study\IntelliJ IDEA 2022.3.2\MyData\HardwareCenter\GPTServer\target\classes;D:\Study\Maven\repository\com\alibaba\cloud\spring-cloud-starter-alibaba-nacos-discovery\2021.0.4.0\spring-cloud-starter-alibaba-nacos-discovery-2021.0.4.0.jar;D:\Study\Maven\repository\com\alibaba\cloud\spring-cloud-alibaba-commons\2021.0.4.0\spring-cloud-alibaba-commons-2021.0.4.0.jar;D:\Study\Maven\repository\com\alibaba\nacos\nacos-client\2.0.4\nacos-client-2.0.4.jar;D:\Study\Maven\repository\commons-codec\commons-codec\1.15\commons-codec-1.15.jar;D:\Study\Maven\repository\com\fasterxml\jackson\core\jackson-core\2.13.4\jackson-core-2.13.4.jar;D:\Study\Maven\repository\com\fasterxml\jackson\core\jackson-databind\2.13.4.2\jackson-databind-2.13.4.2.jar;D:\Study\Maven\repository\com\fasterxml\jackson\core\jackson-annotations\2.13.4\jackson-annotations-2.13.4.jar;D:\Study\Maven\repository\org\apache\httpcomponents\httpasyncclient\4.1.5\httpasyncclient-4.1.5.jar;D:\Study\Maven\repository\org\apache\httpcomponents\httpcore\4.4.15\httpcore-4.4.15.jar;D:\Study\Maven\repository\org\apache\httpcomponents\httpcore-nio\4.4.15\httpcore-nio-4.4.15.jar;D:\Study\Maven\repository\org\apache\httpcomponents\httpclient\4.5.13\httpclient-4.5.13.jar;D:\Study\Maven\repository\org\reflections\reflections\0.9.11\reflections-0.9.11.jar;D:\Study\Maven\repository\com\google\guava\guava\20.0\guava-20.0.jar;D:\Study\Maven\repository\org\javassist\javassist\3.21.0-GA\javassist-3.21.0-GA.jar;D:\Study\Maven\repository\io\prometheus\simpleclient\0.15.0\simpleclient-0.15.0.jar;D:\Study\Maven\repository\io\prometheus\simpleclient_tracer_otel\0.15.0\simpleclient_tracer_otel-0.15.0.jar;D:\Study\Maven\repository\io\prometheus\simpleclient_tracer_common\0.15.0\simpleclient_tracer_common-0.15.0.jar;D:\Study\Maven\repository\io\prometheus\simpleclient_tracer_otel_agent\0.15.0\simpleclient_tracer_otel_agent-0.15.0.jar;D:\Study\Maven\repository\org\yaml\snakeyaml\1.30\snakeyaml-1.30.jar;D:\Study\Maven\repository\com\alibaba\spring\spring-context-support\1.0.11\spring-context-support-1.0.11.jar;D:\Study\Maven\repository\org\springframework\cloud\spring-cloud-commons\3.1.4\spring-cloud-commons-3.1.4.jar;D:\Study\Maven\repository\org\springframework\security\spring-security-crypto\5.7.4\spring-security-crypto-5.7.4.jar;D:\Study\Maven\repository\org\springframework\cloud\spring-cloud-context\3.1.4\spring-cloud-context-3.1.4.jar;D:\Study\Maven\repository\org\springframework\boot\spring-boot-starter-web\2.7.5\spring-boot-starter-web-2.7.5.jar;D:\Study\Maven\repository\org\springframework\boot\spring-boot-starter\2.7.5\spring-boot-starter-2.7.5.jar;D:\Study\Maven\repository\org\springframework\boot\spring-boot\2.7.5\spring-boot-2.7.5.jar;D:\Study\Maven\repository\org\springframework\boot\spring-boot-autoconfigure\2.7.5\spring-boot-autoconfigure-2.7.5.jar;D:\Study\Maven\repository\org\springframework\boot\spring-boot-starter-logging\2.7.5\spring-boot-starter-logging-2.7.5.jar;D:\Study\Maven\repository\ch\qos\logback\logback-classic\1.2.11\logback-classic-1.2.11.jar;D:\Study\Maven\repository\ch\qos\logback\logback-core\1.2.11\logback-core-1.2.11.jar;D:\Study\Maven\repository\org\apache\logging\log4j\log4j-to-slf4j\2.17.2\log4j-to-slf4j-2.17.2.jar;D:\Study\Maven\repository\org\apache\logging\log4j\log4j-api\2.17.2\log4j-api-2.17.2.jar;D:\Study\Maven\repository\org\slf4j\jul-to-slf4j\1.7.36\jul-to-slf4j-1.7.36.jar;D:\Study\Maven\repository\jakarta\annotation\jakarta.annotation-api\1.3.5\jakarta.annotation-api-1.3.5.jar;D:\Study\Maven\repository\org\springframework\spring-core\5.3.23\spring-core-5.3.23.jar;D:\Study\Maven\repository\org\springframework\spring-jcl\5.3.23\spring-jcl-5.3.23.jar;D:\Study\Maven\repository\org\springframework\boot\spring-boot-starter-json\2.7.5\spring-boot-starter-json-2.7.5.jar;D:\Study\Maven\repository\com\fasterxml\jackson\datatype\jackson-datatype-jdk8\2.13.4\jackson-datatype-jdk8-2.13.4.jar;D:\Study\Maven\repository\com\fasterxml\jackson\datatype\jackson-datatype-jsr310\2.13.4\jackson-datatype-jsr310-2.13.4.jar;D:\Study\Maven\repository\com\fasterxml\jackson\module\jackson-module-parameter-names\2.13.4\jackson-module-parameter-names-2.13.4.jar;D:\Study\Maven\repository\org\springframework\boot\spring-boot-starter-tomcat\2.7.5\spring-boot-starter-tomcat-2.7.5.jar;D:\Study\Maven\repository\org\apache\tomcat\embed\tomcat-embed-core\9.0.68\tomcat-embed-core-9.0.68.jar;D:\Study\Maven\repository\org\apache\tomcat\embed\tomcat-embed-el\9.0.68\tomcat-embed-el-9.0.68.jar;D:\Study\Maven\repository\org\apache\tomcat\embed\tomcat-embed-websocket\9.0.68\tomcat-embed-websocket-9.0.68.jar;D:\Study\Maven\repository\org\springframework\spring-web\5.3.23\spring-web-5.3.23.jar;D:\Study\Maven\repository\org\springframework\spring-beans\5.3.23\spring-beans-5.3.23.jar;D:\Study\Maven\repository\org\springframework\spring-webmvc\5.3.23\spring-webmvc-5.3.23.jar;D:\Study\Maven\repository\org\springframework\spring-aop\5.3.23\spring-aop-5.3.23.jar;D:\Study\Maven\repository\org\springframework\spring-context\5.3.23\spring-context-5.3.23.jar;D:\Study\Maven\repository\org\springframework\spring-expression\5.3.23\spring-expression-5.3.23.jar;D:\Study\Maven\repository\org\projectlombok\lombok\1.18.26\lombok-1.18.26.jar;D:\Study\Maven\repository\com\alibaba\csp\sentinel-datasource-nacos\1.8.5\sentinel-datasource-nacos-1.8.5.jar;D:\Study\Maven\repository\com\alibaba\csp\sentinel-datasource-extension\1.8.5\sentinel-datasource-extension-1.8.5.jar;D:\Study\Maven\repository\com\alibaba\csp\sentinel-core\1.8.5\sentinel-core-1.8.5.jar;D:\Study\Maven\repository\com\alibaba\cloud\spring-cloud-starter-alibaba-sentinel\2021.0.4.0\spring-cloud-starter-alibaba-sentinel-2021.0.4.0.jar;D:\Study\Maven\repository\com\alibaba\csp\sentinel-transport-simple-http\1.8.5\sentinel-transport-simple-http-1.8.5.jar;D:\Study\Maven\repository\com\alibaba\csp\sentinel-transport-common\1.8.5\sentinel-transport-common-1.8.5.jar;D:\Study\Maven\repository\com\alibaba\fastjson\1.2.83_noneautotype\fastjson-1.2.83_noneautotype.jar;D:\Study\Maven\repository\com\alibaba\csp\sentinel-annotation-aspectj\1.8.5\sentinel-annotation-aspectj-1.8.5.jar;D:\Study\Maven\repository\org\aspectj\aspectjweaver\1.9.7\aspectjweaver-1.9.7.jar;D:\Study\Maven\repository\com\alibaba\cloud\spring-cloud-circuitbreaker-sentinel\2021.0.4.0\spring-cloud-circuitbreaker-sentinel-2021.0.4.0.jar;D:\Study\Maven\repository\com\alibaba\csp\sentinel-reactor-adapter\1.8.5\sentinel-reactor-adapter-1.8.5.jar;D:\Study\Maven\repository\com\alibaba\csp\sentinel-spring-webflux-adapter\1.8.5\sentinel-spring-webflux-adapter-1.8.5.jar;D:\Study\Maven\repository\com\alibaba\csp\sentinel-spring-webmvc-adapter\1.8.5\sentinel-spring-webmvc-adapter-1.8.5.jar;D:\Study\Maven\repository\com\alibaba\csp\sentinel-parameter-flow-control\1.8.5\sentinel-parameter-flow-control-1.8.5.jar;D:\Study\Maven\repository\com\googlecode\concurrentlinkedhashmap\concurrentlinkedhashmap-lru\1.4.2\concurrentlinkedhashmap-lru-1.4.2.jar;D:\Study\Maven\repository\com\alibaba\csp\sentinel-cluster-server-default\1.8.5\sentinel-cluster-server-default-1.8.5.jar;D:\Study\Maven\repository\com\alibaba\csp\sentinel-cluster-common-default\1.8.5\sentinel-cluster-common-default-1.8.5.jar;D:\Study\Maven\repository\io\netty\netty-handler\4.1.84.Final\netty-handler-4.1.84.Final.jar;D:\Study\Maven\repository\io\netty\netty-common\4.1.84.Final\netty-common-4.1.84.Final.jar;D:\Study\Maven\repository\io\netty\netty-resolver\4.1.84.Final\netty-resolver-4.1.84.Final.jar;D:\Study\Maven\repository\io\netty\netty-buffer\4.1.84.Final\netty-buffer-4.1.84.Final.jar;D:\Study\Maven\repository\io\netty\netty-transport\4.1.84.Final\netty-transport-4.1.84.Final.jar;D:\Study\Maven\repository\io\netty\netty-transport-native-unix-common\4.1.84.Final\netty-transport-native-unix-common-4.1.84.Final.jar;D:\Study\Maven\repository\io\netty\netty-codec\4.1.84.Final\netty-codec-4.1.84.Final.jar;D:\Study\Maven\repository\com\alibaba\csp\sentinel-cluster-client-default\1.8.5\sentinel-cluster-client-default-1.8.5.jar;D:\Study\Maven\repository\com\alibaba\cloud\spring-cloud-alibaba-sentinel-datasource\2021.0.4.0\spring-cloud-alibaba-sentinel-datasource-2021.0.4.0.jar;D:\Study\Maven\repository\org\springframework\cloud\spring-cloud-starter-bootstrap\3.1.4\spring-cloud-starter-bootstrap-3.1.4.jar;D:\Study\Maven\repository\org\springframework\cloud\spring-cloud-starter\3.1.4\spring-cloud-starter-3.1.4.jar;D:\Study\Maven\repository\org\springframework\security\spring-security-rsa\1.0.11.RELEASE\spring-security-rsa-1.0.11.RELEASE.jar;D:\Study\Maven\repository\org\bouncycastle\bcpkix-jdk15on\1.69\bcpkix-jdk15on-1.69.jar;D:\Study\Maven\repository\org\bouncycastle\bcprov-jdk15on\1.69\bcprov-jdk15on-1.69.jar;D:\Study\Maven\repository\org\bouncycastle\bcutil-jdk15on\1.69\bcutil-jdk15on-1.69.jar;D:\Study\Maven\repository\com\alibaba\cloud\spring-cloud-starter-alibaba-nacos-config\2021.0.4.0\spring-cloud-starter-alibaba-nacos-config-2021.0.4.0.jar;D:\Study\Maven\repository\org\slf4j\slf4j-api\1.7.36\slf4j-api-1.7.36.jar;D:\Study\Maven\repository\org\springframework\cloud\spring-cloud-starter-loadbalancer\3.1.4\spring-cloud-starter-loadbalancer-3.1.4.jar;D:\Study\Maven\repository\org\springframework\cloud\spring-cloud-loadbalancer\3.1.4\spring-cloud-loadbalancer-3.1.4.jar;D:\Study\Maven\repository\io\projectreactor\reactor-core\3.4.24\reactor-core-3.4.24.jar;D:\Study\Maven\repository\org\reactivestreams\reactive-streams\1.0.4\reactive-streams-1.0.4.jar;D:\Study\Maven\repository\io\projectreactor\addons\reactor-extra\3.4.8\reactor-extra-3.4.8.jar;D:\Study\Maven\repository\org\springframework\boot\spring-boot-starter-cache\2.7.5\spring-boot-starter-cache-2.7.5.jar;D:\Study\Maven\repository\org\springframework\spring-context-support\5.3.23\spring-context-support-5.3.23.jar;D:\Study\Maven\repository\com\stoyanr\evictor\1.0.0\evictor-1.0.0.jar;D:\Study\Maven\repository\com\parsley\HardwareCenter\1.0.0\HardwareCenter-1.0.0.jar;"/>
    <property name="sun.cpu.endian" value="little"/>
    <property name="user.home" value="C:\Users\HOME"/>
    <property name="user.language" value="zh"/>
    <property name="java.specification.vendor" value="Oracle Corporation"/>
    <property name="java.home" value="C:\Program Files\Java\jdk1.8.0_281\jre"/>
    <property name="basedir" value="D:\Study\IntelliJ IDEA 2022.3.2\MyData\HardwareCenter\GPTServer"/>
    <property name="file.separator" value="\"/>
    <property name="line.separator" value="&#10;"/>
    <property name="java.vm.specification.vendor" value="Oracle Corporation"/>
    <property name="java.specification.name" value="Java Platform API Specification"/>
    <property name="java.awt.graphicsenv" value="sun.awt.Win32GraphicsEnvironment"/>
    <property name="surefire.real.class.path" value="C:\Users\HOME\AppData\Local\Temp\surefire6018996172682918830\surefirebooter-20230526154547230_11.jar"/>
    <property name="sun.boot.class.path" value="C:\Program Files\Java\jdk1.8.0_281\jre\lib\resources.jar;C:\Program Files\Java\jdk1.8.0_281\jre\lib\rt.jar;C:\Program Files\Java\jdk1.8.0_281\jre\lib\sunrsasign.jar;C:\Program Files\Java\jdk1.8.0_281\jre\lib\jsse.jar;C:\Program Files\Java\jdk1.8.0_281\jre\lib\jce.jar;C:\Program Files\Java\jdk1.8.0_281\jre\lib\charsets.jar;C:\Program Files\Java\jdk1.8.0_281\jre\lib\jfr.jar;C:\Program Files\Java\jdk1.8.0_281\jre\classes"/>
    <property name="user.script" value=""/>
    <property name="sun.management.compiler" value="HotSpot 64-Bit Tiered Compilers"/>
    <property name="java.runtime.version" value="1.8.0_281-b09"/>
    <property name="user.name" value="HOME"/>
    <property name="path.separator" value=";"/>
    <property name="os.version" value="10.0"/>
    <property name="java.endorsed.dirs" value="C:\Program Files\Java\jdk1.8.0_281\jre\lib\endorsed"/>
    <property name="java.runtime.name" value="Java(TM) SE Runtime Environment"/>
    <property name="file.encoding" value="GBK"/>
    <property name="java.vm.name" value="Java HotSpot(TM) 64-Bit Server VM"/>
    <property name="localRepository" value="D:\Study\Maven\repository"/>
    <property name="java.vendor.url.bug" value="http://bugreport.sun.com/bugreport/"/>
    <property name="java.io.tmpdir" value="C:\Users\HOME\AppData\Local\Temp\"/>
    <property name="idea.version" value="2022.3.2"/>
    <property name="java.version" value="1.8.0_281"/>
    <property name="user.dir" value="D:\Study\IntelliJ IDEA 2022.3.2\MyData\HardwareCenter\GPTServer"/>
    <property name="os.arch" value="amd64"/>
    <property name="java.vm.specification.name" value="Java Virtual Machine Specification"/>
    <property name="java.awt.printerjob" value="sun.awt.windows.WPrinterJob"/>
    <property name="sun.os.patch.level" value=""/>
    <property name="java.library.path" value="C:\Program Files\Java\jdk1.8.0_281\jre\bin;C:\Windows\Sun\Java\bin;C:\Windows\system32;C:\Windows;D:\Study\Anaconda\condabin;D:\Study\NVIDIA GPU Computing Toolkit\CUDA\v11.8\bin;D:\Study\NVIDIA GPU Computing Toolkit\CUDA\v11.8\include;D:\Study\NVIDIA GPU Computing Toolkit\CUDA\v11.8\lib;D:\Study\NVIDIA GPU Computing Toolkit\CUDA\v11.8\libnvvp;C:\Program Files (x86)\Common Files\Oracle\Java\javapath;C:\Windows\system32;C:\Windows;C:\Windows\System32\Wbem;C:\Windows\System32\WindowsPowerShell\v1.0\;C:\Windows\System32\OpenSSH\;C:\Program Files (x86)\NVIDIA Corporation\PhysX\Common;C:\Program Files\NVIDIA Corporation\NVIDIA NvDLISR;C:\Program Files\Java\jdk1.8.0_281\bin;D:\Study\Maven\apache-maven-3.9.0\bin;D:\Study\Mysql\mysql-8.0.28-winx64\bin;D:\Study\Anaconda\Scripts;D:\Study\Anaconda;D:\Study\Git\cmd;C:\Program Files\NVIDIA Corporation\Nsight Compute 2022.3.0\;C:\Program Files\Docker\Docker\resources\bin;D:\Study\CLion 2022.3.3\bin\ninja\win\x64;D:\Study\CLion 2022.3.3\bin\mingw\bin;D:\Study\Cmake\bin;D:\Study\nodejs\;C:\Users\HOME\AppData\Local\Microsoft\WindowsApps;;D:\Study\IntelliJ IDEA 2022.3.2\bin;;D:\Study\CLion 2022.3.3\bin;;D:\Study\Microsoft VS Code\bin;C:\Users\HOME\AppData\Roaming\npm;."/>
    <property name="java.vm.info" value="mixed mode"/>
    <property name="java.vendor" value="Oracle Corporation"/>
    <property name="java.vm.version" value="25.281-b09"/>
    <property name="java.ext.dirs" value="C:\Program Files\Java\jdk1.8.0_281\jre\lib\ext;C:\Windows\Sun\Java\lib\ext"/>
    <property name="sun.io.unicode.encoding" value="UnicodeLittle"/>
    <property name="java.class.version" value="52.0"/>
  </properties>
</testsuite>